2025-06-08 04:29:26.637: [INFO] VisibilityChanged: 0
2025-06-08 04:29:26.670: [INFO] RecordSyncInitDuration has_sync_been_enabled: 0 state: 0
2025-06-08 04:29:26.671: [INFO] RecordSyncInitDuration has_sync_been_enabled: 0 state: 0
2025-06-08 04:29:26.671: [INFO] RecordSyncInitDuration has_sync_been_enabled: 0 state: 0
2025-06-08 04:29:26.672: [INFO] RecordSyncInitDuration has_sync_been_enabled: 0 state: 0
2025-06-08 04:29:26.672: [INFO] RecordSyncInitDuration has_sync_been_enabled: 0 state: 0
2025-06-08 04:29:26.673: [INFO] RecordSyncInitDuration has_sync_been_enabled: 0 state: 0
2025-06-08 04:29:26.673: [INFO] RecordSyncInitDuration has_sync_been_enabled: 0 state: 0
2025-06-08 04:29:26.674: [INFO] RecordSyncInitDuration has_sync_been_enabled: 0 state: 0
2025-06-08 04:29:26.674: [INFO] RecordSyncInitDuration has_sync_been_enabled: 0 state: 0
2025-06-08 04:29:26.675: [INFO] RecordSyncInitDuration has_sync_been_enabled: 0 state: 0
2025-06-08 04:29:26.675: [INFO] RecordSyncInitDuration has_sync_been_enabled: 0 state: 0
2025-06-08 04:29:26.682: [INFO] BookmarkNodeAdded, ABU: 0
2025-06-08 04:29:26.682: [INFO] BookmarkNodeAdded, ABU: 0
2025-06-08 04:29:26.682: [INFO] BookmarkNodeAdded, ABU: 0
2025-06-08 04:29:26.682: [INFO] BookmarkNodeAdded, ABU: 0
2025-06-08 04:29:26.682: [INFO] BookmarkModelLoaded, ids_reassigned: 0
2025-06-08 04:29:26.682: [INFO] OnDoneLoading sync enabled: 0
2025-06-08 04:29:26.719: [INFO] RecordSyncInitDuration has_sync_been_enabled: 0 state: 0
2025-06-08 04:29:35.132: [INFO] RecordSyncInitDuration has_sync_been_enabled: 0 state: 3
2025-06-08 04:29:35.135: [INFO] Primary account changed.
2025-06-08 04:29:35.135: [INFO] OnPrimaryAccountChanged PrimaryAccountChangeEvent::Type::kSet
2025-06-08 04:29:35.137: [INFO] RecordSyncInitDuration has_sync_been_enabled: 0 state: 3
2025-06-08 04:29:46.800: [INFO] BookmarkNodeAdded, ABU: 0
2025-06-08 04:29:46.801: [INFO] BookmarkNodeAdded, ABU: 0
2025-06-08 04:29:46.802: [INFO] BookmarkNodeAdded, ABU: 0
2025-06-08 04:29:46.803: [INFO] BookmarkNodeAdded, ABU: 0
2025-06-08 04:29:46.803: [INFO] BookmarkNodeAdded, ABU: 0
2025-06-08 04:29:46.805: [INFO] BookmarkNodeAdded, ABU: 0
2025-06-08 04:29:46.806: [INFO] BookmarkNodeAdded, ABU: 0
2025-06-08 04:29:46.807: [INFO] BookmarkNodeAdded, ABU: 0
2025-06-08 04:29:48.250: [INFO] Sync initialization duration: 12936ms
