{"logTime": "0608/042943", "correlationVector":"sxl5c43LqSpf7xgaCrHeK+.1","action":"SyncServerConnectionManagerRequest", "result":"SYNC_SERVER_OK", "context":{"environment":"Prod_southindia_prod-s01-004-apac-southindia", "migrationStage":"NotStarted", "server":"akswtt013000006"}}
{"logTime": "0608/042943", "correlationVector":"sxl5c43LqSpf7xgaCrHeK+.2","action":"ProcessGetUpdates", "result":"Done", "context":{"dataType":"Encryption Keys", "deleted":"0", "process_failed_to_decrypt":"0", "process_pending_decryption":"0", "process_success":"1", "total":"1"}}
{"logTime": "0608/042943", "correlationVector":"MNa6YshDdjTKCp9zJDtEZg","action":"SyncServerConnectionManagerRequest", "result":"SYNC_SERVER_OK", "context":{"environment":"", "migrationStage":"", "server":""}}
{"logTime": "0608/042943", "correlationVector":"MNa6YshDdjTKCp9zJDtEZg.0","action":"EncryptionKeysFetcher.DownloadKeys:", "result":"Success", "context":Key count: 2, Last key timestamp: 2025-01-24T09:38:47Z}
{"logTime": "0608/042944", "correlationVector":"MNa6YshDdjTKCp9zJDtEZg.1","action":"EncryptionKeysManager::SetEncryptionKeys:", "result":"Success", "context":Key names[2]:[ow8746LlLx+KL+VdHfoU1z6EpJoW7f/Cg8sZqQm2Dz8HowQAdkT0zgpaXTh8qdxEUg6S4KfHAhzeO2u9QezD5Q==][biMyOJs7Y1TbJjTDj/CcA/cI2rAvPjQvQPJTxGquaDnMJDO3DWGfirPs7cawMB6STfLGt6zqjkqYL1UUWop9fg==]}
{"logTime": "0608/042944", "correlationVector":"MNa6YshDdjTKCp9zJDtEZg.2","action":"EncryptionKeysManager::SetEncryptionKeysWithTimestamps:", "result":"Success", "context":Key timestamps[2]:[2024-07-26T13:20:10Z][2025-01-24T09:38:47Z]}
{"logTime": "0608/042944", "correlationVector":"sxl5c43LqSpf7xgaCrHeK+","action":"Initial GetUpdates", "result":"", "context":Reason: NEW_CLIENT. cV=sxl5c43LqSpf7xgaCrHeK+}
{"logTime": "0608/042944", "correlationVector":"sxl5c43LqSpf7xgaCrHeK+.3","action":"GetUpdates Response", "result":"Success", "context":Received 1 update(s). cV=sxl5c43LqSpf7xgaCrHeK+.0;server=akswtt013000006;cloudType=Consumer;environment=Prod_southindia_prod-s01-004-apac-southindia;migrationStage=NotStarted}
{"logTime": "0608/042944", "correlationVector":"hyrTPgqUCFPF1cHnpSxBtA","action":"Initial GetUpdates", "result":"", "context":Reason: NEWLY_SUPPORTED_DATATYPE. cV=hyrTPgqUCFPF1cHnpSxBtA}
{"logTime": "0608/042944", "correlationVector":"hyrTPgqUCFPF1cHnpSxBtA.1","action":"SyncServerConnectionManagerRequest", "result":"SYNC_SERVER_OK", "context":{"environment":"Prod_southindia_prod-s01-004-apac-southindia", "migrationStage":"NotStarted", "server":"akswtt013000006"}}
{"logTime": "0608/042944", "correlationVector":"hyrTPgqUCFPF1cHnpSxBtA.2","action":"ProcessGetUpdates", "result":"Done", "context":{"dataType":"Preferences", "deleted":"0", "process_failed_to_decrypt":"0", "process_pending_decryption":"0", "process_success":"58", "total":"58"}}
{"logTime": "0608/042944", "correlationVector":"hyrTPgqUCFPF1cHnpSxBtA.3","action":"ProcessGetUpdates", "result":"Done", "context":{"dataType":"Passwords", "deleted":"0", "process_failed_to_decrypt":"0", "process_pending_decryption":"0", "process_success":"6", "total":"6"}}
{"logTime": "0608/042944", "correlationVector":"hyrTPgqUCFPF1cHnpSxBtA.4","action":"ProcessGetUpdates", "result":"Done", "context":{"dataType":"Device Info", "deleted":"0", "process_failed_to_decrypt":"0", "process_pending_decryption":"0", "process_success":"3", "total":"3"}}
{"logTime": "0608/042944", "correlationVector":"hyrTPgqUCFPF1cHnpSxBtA.5","action":"GetUpdates Response", "result":"Success", "context":Received 67 update(s). cV=hyrTPgqUCFPF1cHnpSxBtA.0;server=akswtt013000006;cloudType=Consumer;environment=Prod_southindia_prod-s01-004-apac-southindia;migrationStage=NotStarted}
{"logTime": "0608/042944", "correlationVector":"9Pgy8fzqr/hGaw9xyWVGwt","action":"Initial GetUpdates", "result":"", "context":Reason: NEWLY_SUPPORTED_DATATYPE. cV=9Pgy8fzqr/hGaw9xyWVGwt}
{"logTime": "0608/042946", "correlationVector":"9Pgy8fzqr/hGaw9xyWVGwt.1","action":"SyncServerConnectionManagerRequest", "result":"SYNC_SERVER_OK", "context":{"environment":"Prod_southindia_prod-s01-004-apac-southindia", "migrationStage":"NotStarted", "server":"akswtt013000002"}}
{"logTime": "0608/042946", "correlationVector":"9Pgy8fzqr/hGaw9xyWVGwt.2","action":"ProcessGetUpdates", "result":"Done", "context":{"dataType":"Bookmarks", "deleted":"0", "process_failed_to_decrypt":"0", "process_pending_decryption":"0", "process_success":"13", "total":"13"}}
{"logTime": "0608/042946", "correlationVector":"9Pgy8fzqr/hGaw9xyWVGwt.3","action":"GetUpdates Response", "result":"Success", "context":Received 13 update(s). cV=9Pgy8fzqr/hGaw9xyWVGwt.0;server=akswtt013000002;cloudType=Consumer;environment=Prod_southindia_prod-s01-004-apac-southindia;migrationStage=NotStarted}
{"logTime": "0608/042946", "correlationVector":"dm6ksJhISwRgQ7NFJ7EHxs","action":"Initial GetUpdates", "result":"", "context":Reason: NEWLY_SUPPORTED_DATATYPE. cV=dm6ksJhISwRgQ7NFJ7EHxs}
{"logTime": "0608/042948", "correlationVector":"dm6ksJhISwRgQ7NFJ7EHxs.1","action":"SyncServerConnectionManagerRequest", "result":"SYNC_SERVER_OK", "context":{"environment":"Prod_southindia_prod-s01-004-apac-southindia", "migrationStage":"NotStarted", "server":"akswtt01300001g"}}
{"logTime": "0608/042948", "correlationVector":"dm6ksJhISwRgQ7NFJ7EHxs.2","action":"ProcessGetUpdates", "result":"Done", "context":{"dataType":"Autofill Profiles", "deleted":"0", "process_failed_to_decrypt":"0", "process_pending_decryption":"0", "process_success":"3", "total":"3"}}
{"logTime": "0608/042948", "correlationVector":"dm6ksJhISwRgQ7NFJ7EHxs.3","action":"ProcessGetUpdates", "result":"Done", "context":{"dataType":"Autofill", "deleted":"0", "process_failed_to_decrypt":"0", "process_pending_decryption":"0", "process_success":"24", "total":"24"}}
{"logTime": "0608/042948", "correlationVector":"dm6ksJhISwRgQ7NFJ7EHxs.4","action":"ProcessGetUpdates", "result":"Done", "context":{"dataType":"Sessions", "deleted":"7", "process_failed_to_decrypt":"0", "process_pending_decryption":"0", "process_success":"9", "total":"9"}}
{"logTime": "0608/042948", "correlationVector":"dm6ksJhISwRgQ7NFJ7EHxs.5","action":"ProcessGetUpdates", "result":"Done", "context":{"dataType":"Edge Hub App Usage", "deleted":"4", "process_failed_to_decrypt":"0", "process_pending_decryption":"0", "process_success":"8", "total":"8"}}
{"logTime": "0608/042948", "correlationVector":"dm6ksJhISwRgQ7NFJ7EHxs.6","action":"GetUpdates Response", "result":"Success", "context":Received 44 update(s). cV=dm6ksJhISwRgQ7NFJ7EHxs.0;server=akswtt01300001g;cloudType=Consumer;environment=Prod_southindia_prod-s01-004-apac-southindia;migrationStage=NotStarted}
{"logTime": "0608/042948", "correlationVector":"wGdEcAtUD4B03o9g4uGgOQ","action":"Initial GetUpdates", "result":"", "context":Reason: NEWLY_SUPPORTED_DATATYPE. cV=wGdEcAtUD4B03o9g4uGgOQ}
{"logTime": "0608/042949", "correlationVector":"wGdEcAtUD4B03o9g4uGgOQ.1","action":"SyncServerConnectionManagerRequest", "result":"SYNC_SERVER_OK", "context":{"environment":"Prod_southindia_prod-s01-004-apac-southindia", "migrationStage":"NotStarted", "server":"akswtt013000006"}}
{"logTime": "0608/042949", "correlationVector":"wGdEcAtUD4B03o9g4uGgOQ.2","action":"ProcessGetUpdates", "result":"Done", "context":{"dataType":"History", "deleted":"0", "process_failed_to_decrypt":"0", "process_pending_decryption":"0", "process_success":"2", "total":"2"}}
{"logTime": "0608/042949", "correlationVector":"wGdEcAtUD4B03o9g4uGgOQ.3","action":"GetUpdates Response", "result":"Success", "context":Received 2 update(s). cV=wGdEcAtUD4B03o9g4uGgOQ.0;server=akswtt013000006;cloudType=Consumer;environment=Prod_southindia_prod-s01-004-apac-southindia;migrationStage=NotStarted}
{"logTime": "0608/042949", "correlationVector":"YDQkbi8bfHyITj+qEh6Oa4","action":"Normal GetUpdate request", "result":"", "context":cV=YDQkbi8bfHyITj+qEh6Oa4
Nudged types: Bookmarks, Sessions, Device Info, User Consents
Refresh requested types: Bookmarks, Preferences, Passwords, Autofill Profiles, Autofill, Extensions, Sessions, Extension settings, History Delete Directives, Device Info, User Consents, Send Tab To Self, Web Apps, History, Saved Tab Group, WebAuthn Credentials, Collection, Edge E Drop, Edge Hub App Usage, Edge Wallet, Encryption Keys}
{"logTime": "0608/042950", "correlationVector":"YDQkbi8bfHyITj+qEh6Oa4.1","action":"SyncServerConnectionManagerRequest", "result":"SYNC_SERVER_OK", "context":{"environment":"Prod_southindia_prod-s01-004-apac-southindia", "migrationStage":"NotStarted", "server":"akswtt01300004b"}}
{"logTime": "0608/042950", "correlationVector":"YDQkbi8bfHyITj+qEh6Oa4.2","action":"GetUpdates Response", "result":"Success", "context":Received 0 update(s). cV=YDQkbi8bfHyITj+qEh6Oa4.0;server=akswtt01300004b;cloudType=Consumer;environment=Prod_southindia_prod-s01-004-apac-southindia;migrationStage=NotStarted}
{"logTime": "0608/042950", "correlationVector":"p4xUprPXZSYSvySQoqO2RA","action":"Commit Request", "result":"", "context":Item count: 13
Contributing types: Bookmarks, Sessions, Device Info, User Consents}
{"logTime": "0608/042951", "correlationVector":"p4xUprPXZSYSvySQoqO2RA.1","action":"SyncServerConnectionManagerRequest", "result":"SYNC_SERVER_OK", "context":{"environment":"Prod_southindia_prod-s01-004-apac-southindia", "migrationStage":"NotStarted", "server":"akswtt01300004k"}}
{"logTime": "0608/042951", "correlationVector":"p4xUprPXZSYSvySQoqO2RA.2","action":"Commit Response", "result":"Success", "context":Result: Success. cV=p4xUprPXZSYSvySQoqO2RA.0;server=akswtt01300004k;cloudType=Consumer;environment=Prod_southindia_prod-s01-004-apac-southindia;migrationStage=NotStarted}
{"logTime": "0608/043026", "correlationVector":"4TEaQaz86KsysTrgLSXu4Y","action":"Commit Request", "result":"", "context":Item count: 11
Contributing types: Passwords, Sessions, History}
{"logTime": "0608/043028", "correlationVector":"4TEaQaz86KsysTrgLSXu4Y.1","action":"SyncServerConnectionManagerRequest", "result":"SYNC_SERVER_OK", "context":{"environment":"Prod_southindia_prod-s01-004-apac-southindia", "migrationStage":"NotStarted", "server":"akswtt01300004b"}}
{"logTime": "0608/043028", "correlationVector":"4TEaQaz86KsysTrgLSXu4Y.2","action":"Commit Response", "result":"Success", "context":Result: Success. cV=4TEaQaz86KsysTrgLSXu4Y.0;server=akswtt01300004b;cloudType=Consumer;environment=Prod_southindia_prod-s01-004-apac-southindia;migrationStage=NotStarted}
